# JRE version: OpenJDK Runtime Environment Temurin-21.0.7+6 (21.0.7+6) (build 21.0.7+6-LTS)
# Java VM: OpenJDK 64-Bit Server VM Temurin-21.0.7+6 (21.0.7+6-LTS, mixed mode, sharing, tiered, compressed oops, compressed class ptrs, parallel gc, linux-amd64)
GC Precious Log:
 CardTable entry size: 512
 CPUs: 8 total, 4 available
 Memory: 5872M
 Large Page Support: Disabled
 NUMA Support: Disabled
 Compressed Oops: Enabled (32-bit)
 Alignments: Space 512K, Generation 512K, Heap 2M
 Heap Min Capacity: 100M
 Heap Initial Capacity: 100M
 Heap Max Capacity: 2G
 Pre-touch: Disabled
 Parallel Workers: 4
Heap:
 PSYoungGen      total 5632K, used 480K [0x00000000d5580000, 0x00000000d5c80000, 0x0000000100000000)
  eden space 5120K, 0% used [0x00000000d5580000,0x00000000d5580000,0x00000000d5a80000)
  from space 512K, 93% used [0x00000000d5c00000,0x00000000d5c78000,0x00000000d5c80000)
  to   space 1024K, 0% used [0x00000000d5a80000,0x00000000d5a80000,0x00000000d5b80000)
 ParOldGen       total 1368576K, used 1368404K [0x0000000080000000, 0x00000000d3880000, 0x00000000d5580000)
  object space 1368576K, 99% used [0x0000000080000000,0x00000000d3855360,0x00000000d3880000)
 Metaspace       used 92964K, committed 94656K, reserved 1179648K
  class space    used 9063K, committed 9856K, reserved 1048576K
GC Heap History (20 events):
Event: 3158,202 GC heap after
{Heap after GC invocations=4526 (full 5):
 PSYoungGen      total 6144K, used 512K [0x00000000d5580000, 0x00000000d5d00000, 0x0000000100000000)
  eden space 5632K, 0% used [0x00000000d5580000,0x00000000d5580000,0x00000000d5b00000)
  from space 512K, 100% used [0x00000000d5b80000,0x00000000d5c00000,0x00000000d5c00000)
  to   space 1024K, 0% used [0x00000000d5c00000,0x00000000d5c00000,0x00000000d5d00000)
 ParOldGen       total 1365504K, used 1365230K [0x0000000080000000, 0x00000000d3580000, 0x00000000d5580000)
  object space 1365504K, 99% used [0x0000000080000000,0x00000000d353b908,0x00000000d3580000)
 Metaspace       used 92953K, committed 94656K, reserved 1179648K
  class space    used 9063K, committed 9856K, reserved 1048576K
}
Event: 3158,299 GC heap before
{Heap before GC invocations=4527 (full 5):
 PSYoungGen      total 6144K, used 6144K [0x00000000d5580000, 0x00000000d5d00000, 0x0000000100000000)
  eden space 5632K, 100% used [0x00000000d5580000,0x00000000d5b00000,0x00000000d5b00000)
  from space 512K, 100% used [0x00000000d5b80000,0x00000000d5c00000,0x00000000d5c00000)
  to   space 1024K, 0% used [0x00000000d5c00000,0x00000000d5c00000,0x00000000d5d00000)
 ParOldGen       total 1365504K, used 1365230K [0x0000000080000000, 0x00000000d3580000, 0x00000000d5580000)
  object space 1365504K, 99% used [0x0000000080000000,0x00000000d353b908,0x00000000d3580000)
 Metaspace       used 92964K, committed 94656K, reserved 1179648K
  class space    used 9063K, committed 9856K, reserved 1048576K
}
Event: 3158,314 GC heap after
{Heap after GC invocations=4527 (full 5):
 PSYoungGen      total 6656K, used 512K [0x00000000d5580000, 0x00000000d5d00000, 0x0000000100000000)
  eden space 5632K, 0% used [0x00000000d5580000,0x00000000d5580000,0x00000000d5b00000)
  from space 1024K, 50% used [0x00000000d5c00000,0x00000000d5c80000,0x00000000d5d00000)
  to   space 1024K, 0% used [0x00000000d5b00000,0x00000000d5b00000,0x00000000d5c00000)
 ParOldGen       total 1366016K, used 1365755K [0x0000000080000000, 0x00000000d3600000, 0x00000000d5580000)
  object space 1366016K, 99% used [0x0000000080000000,0x00000000d35bec98,0x00000000d3600000)
 Metaspace       used 92964K, committed 94656K, reserved 1179648K
  class space    used 9063K, committed 9856K, reserved 1048576K
}
Event: 3158,588 GC heap before
{Heap before GC invocations=4528 (full 5):
 PSYoungGen      total 6656K, used 6144K [0x00000000d5580000, 0x00000000d5d00000, 0x0000000100000000)
  eden space 5632K, 100% used [0x00000000d5580000,0x00000000d5b00000,0x00000000d5b00000)
  from space 1024K, 50% used [0x00000000d5c00000,0x00000000d5c80000,0x00000000d5d00000)
  to   space 1024K, 0% used [0x00000000d5b00000,0x00000000d5b00000,0x00000000d5c00000)
 ParOldGen       total 1366016K, used 1365755K [0x0000000080000000, 0x00000000d3600000, 0x00000000d5580000)
  object space 1366016K, 99% used [0x0000000080000000,0x00000000d35bec98,0x00000000d3600000)
 Metaspace       used 92964K, committed 94656K, reserved 1179648K
  class space    used 9063K, committed 9856K, reserved 1048576K
}
Event: 3158,596 GC heap after
{Heap after GC invocations=4528 (full 5):
 PSYoungGen      total 6656K, used 96K [0x00000000d5580000, 0x00000000d5c80000, 0x0000000100000000)
  eden space 5632K, 0% used [0x00000000d5580000,0x00000000d5580000,0x00000000d5b00000)
  from space 1024K, 9% used [0x00000000d5b00000,0x00000000d5b18000,0x00000000d5c00000)
  to   space 512K, 0% used [0x00000000d5c00000,0x00000000d5c00000,0x00000000d5c80000)
 ParOldGen       total 1366016K, used 1365851K [0x0000000080000000, 0x00000000d3600000, 0x00000000d5580000)
  object space 1366016K, 99% used [0x0000000080000000,0x00000000d35d6c98,0x00000000d3600000)
 Metaspace       used 92964K, committed 94656K, reserved 1179648K
  class space    used 9063K, committed 9856K, reserved 1048576K
}
Event: 3158,745 GC heap before
{Heap before GC invocations=4529 (full 5):
 PSYoungGen      total 6656K, used 5728K [0x00000000d5580000, 0x00000000d5c80000, 0x0000000100000000)
  eden space 5632K, 100% used [0x00000000d5580000,0x00000000d5b00000,0x00000000d5b00000)
  from space 1024K, 9% used [0x00000000d5b00000,0x00000000d5b18000,0x00000000d5c00000)
  to   space 512K, 0% used [0x00000000d5c00000,0x00000000d5c00000,0x00000000d5c80000)
 ParOldGen       total 1366016K, used 1365851K [0x0000000080000000, 0x00000000d3600000, 0x00000000d5580000)
  object space 1366016K, 99% used [0x0000000080000000,0x00000000d35d6c98,0x00000000d3600000)
 Metaspace       used 92964K, committed 94656K, reserved 1179648K
  class space    used 9063K, committed 9856K, reserved 1048576K
}
Event: 3158,754 GC heap after
{Heap after GC invocations=4529 (full 5):
 PSYoungGen      total 6144K, used 512K [0x00000000d5580000, 0x00000000d5d00000, 0x0000000100000000)
  eden space 5632K, 0% used [0x00000000d5580000,0x00000000d5580000,0x00000000d5b00000)
  from space 512K, 100% used [0x00000000d5c00000,0x00000000d5c80000,0x00000000d5c80000)
  to   space 1024K, 0% used [0x00000000d5b00000,0x00000000d5b00000,0x00000000d5c00000)
 ParOldGen       total 1366016K, used 1365996K [0x0000000080000000, 0x00000000d3600000, 0x00000000d5580000)
  object space 1366016K, 99% used [0x0000000080000000,0x00000000d35fb058,0x00000000d3600000)
 Metaspace       used 92964K, committed 94656K, reserved 1179648K
  class space    used 9063K, committed 9856K, reserved 1048576K
}
Event: 3158,861 GC heap before
{Heap before GC invocations=4530 (full 5):
 PSYoungGen      total 6144K, used 6144K [0x00000000d5580000, 0x00000000d5d00000, 0x0000000100000000)
  eden space 5632K, 100% used [0x00000000d5580000,0x00000000d5b00000,0x00000000d5b00000)
  from space 512K, 100% used [0x00000000d5c00000,0x00000000d5c80000,0x00000000d5c80000)
  to   space 1024K, 0% used [0x00000000d5b00000,0x00000000d5b00000,0x00000000d5c00000)
 ParOldGen       total 1366016K, used 1365996K [0x0000000080000000, 0x00000000d3600000, 0x00000000d5580000)
  object space 1366016K, 99% used [0x0000000080000000,0x00000000d35fb058,0x00000000d3600000)
 Metaspace       used 92964K, committed 94656K, reserved 1179648K
  class space    used 9063K, committed 9856K, reserved 1048576K
}
Event: 3158,871 GC heap after
{Heap after GC invocations=4530 (full 5):
 PSYoungGen      total 6656K, used 592K [0x00000000d5580000, 0x00000000d5d00000, 0x0000000100000000)
  eden space 5632K, 0% used [0x00000000d5580000,0x00000000d5580000,0x00000000d5b00000)
  from space 1024K, 57% used [0x00000000d5b00000,0x00000000d5b94010,0x00000000d5c00000)
  to   space 1024K, 0% used [0x00000000d5c00000,0x00000000d5c00000,0x00000000d5d00000)
 ParOldGen       total 1366528K, used 1366517K [0x0000000080000000, 0x00000000d3680000, 0x00000000d5580000)
  object space 1366528K, 99% used [0x0000000080000000,0x00000000d367d5f8,0x00000000d3680000)
 Metaspace       used 92964K, committed 94656K, reserved 1179648K
  class space    used 9063K, committed 9856K, reserved 1048576K
}
Event: 3159,003 GC heap before
{Heap before GC invocations=4531 (full 5):
 PSYoungGen      total 6656K, used 6224K [0x00000000d5580000, 0x00000000d5d00000, 0x0000000100000000)
  eden space 5632K, 100% used [0x00000000d5580000,0x00000000d5b00000,0x00000000d5b00000)
  from space 1024K, 57% used [0x00000000d5b00000,0x00000000d5b94010,0x00000000d5c00000)
  to   space 1024K, 0% used [0x00000000d5c00000,0x00000000d5c00000,0x00000000d5d00000)
 ParOldGen       total 1366528K, used 1366517K [0x0000000080000000, 0x00000000d3680000, 0x00000000d5580000)
  object space 1366528K, 99% used [0x0000000080000000,0x00000000d367d5f8,0x00000000d3680000)
 Metaspace       used 92964K, committed 94656K, reserved 1179648K
  class space    used 9063K, committed 9856K, reserved 1048576K
}
Event: 3159,012 GC heap after
{Heap after GC invocations=4531 (full 5):
 PSYoungGen      total 6144K, used 960K [0x00000000d5580000, 0x00000000d5e00000, 0x0000000100000000)
  eden space 5120K, 0% used [0x00000000d5580000,0x00000000d5580000,0x00000000d5a80000)
  from space 1024K, 93% used [0x00000000d5c00000,0x00000000d5cf0000,0x00000000d5d00000)
  to   space 1536K, 0% used [0x00000000d5a80000,0x00000000d5a80000,0x00000000d5c00000)
 ParOldGen       total 1367040K, used 1366605K [0x0000000080000000, 0x00000000d3700000, 0x00000000d5580000)
  object space 1367040K, 99% used [0x0000000080000000,0x00000000d36935f8,0x00000000d3700000)
 Metaspace       used 92964K, committed 94656K, reserved 1179648K
  class space    used 9063K, committed 9856K, reserved 1048576K
}
Event: 3159,142 GC heap before
{Heap before GC invocations=4532 (full 5):
 PSYoungGen      total 6144K, used 6080K [0x00000000d5580000, 0x00000000d5e00000, 0x0000000100000000)
  eden space 5120K, 100% used [0x00000000d5580000,0x00000000d5a80000,0x00000000d5a80000)
  from space 1024K, 93% used [0x00000000d5c00000,0x00000000d5cf0000,0x00000000d5d00000)
  to   space 1536K, 0% used [0x00000000d5a80000,0x00000000d5a80000,0x00000000d5c00000)
 ParOldGen       total 1367040K, used 1366605K [0x0000000080000000, 0x00000000d3700000, 0x00000000d5580000)
  object space 1367040K, 99% used [0x0000000080000000,0x00000000d36935f8,0x00000000d3700000)
 Metaspace       used 92964K, committed 94656K, reserved 1179648K
  class space    used 9063K, committed 9856K, reserved 1048576K
}
Event: 3159,151 GC heap after
{Heap after GC invocations=4532 (full 5):
 PSYoungGen      total 6656K, used 128K [0x00000000d5580000, 0x00000000d5c80000, 0x0000000100000000)
  eden space 5120K, 0% used [0x00000000d5580000,0x00000000d5580000,0x00000000d5a80000)
  from space 1536K, 8% used [0x00000000d5a80000,0x00000000d5aa0000,0x00000000d5c00000)
  to   space 512K, 0% used [0x00000000d5c00000,0x00000000d5c00000,0x00000000d5c80000)
 ParOldGen       total 1367552K, used 1367239K [0x0000000080000000, 0x00000000d3780000, 0x00000000d5580000)
  object space 1367552K, 99% used [0x0000000080000000,0x00000000d3731e78,0x00000000d3780000)
 Metaspace       used 92964K, committed 94656K, reserved 1179648K
  class space    used 9063K, committed 9856K, reserved 1048576K
}
Event: 3159,283 GC heap before
{Heap before GC invocations=4533 (full 5):
 PSYoungGen      total 6656K, used 5248K [0x00000000d5580000, 0x00000000d5c80000, 0x0000000100000000)
  eden space 5120K, 100% used [0x00000000d5580000,0x00000000d5a80000,0x00000000d5a80000)
  from space 1536K, 8% used [0x00000000d5a80000,0x00000000d5aa0000,0x00000000d5c00000)
  to   space 512K, 0% used [0x00000000d5c00000,0x00000000d5c00000,0x00000000d5c80000)
 ParOldGen       total 1367552K, used 1367239K [0x0000000080000000, 0x00000000d3780000, 0x00000000d5580000)
  object space 1367552K, 99% used [0x0000000080000000,0x00000000d3731e78,0x00000000d3780000)
 Metaspace       used 92964K, committed 94656K, reserved 1179648K
  class space    used 9063K, committed 9856K, reserved 1048576K
}
Event: 3159,291 GC heap after
{Heap after GC invocations=4533 (full 5):
 PSYoungGen      total 5632K, used 512K [0x00000000d5580000, 0x00000000d5d80000, 0x0000000100000000)
  eden space 5120K, 0% used [0x00000000d5580000,0x00000000d5580000,0x00000000d5a80000)
  from space 512K, 100% used [0x00000000d5c00000,0x00000000d5c80000,0x00000000d5c80000)
  to   space 1536K, 0% used [0x00000000d5a80000,0x00000000d5a80000,0x00000000d5c00000)
 ParOldGen       total 1368064K, used 1367998K [0x0000000080000000, 0x00000000d3800000, 0x00000000d5580000)
  object space 1368064K, 99% used [0x0000000080000000,0x00000000d37efb18,0x00000000d3800000)
 Metaspace       used 92964K, committed 94656K, reserved 1179648K
  class space    used 9063K, committed 9856K, reserved 1048576K
}
Event: 3159,525 GC heap before
{Heap before GC invocations=4534 (full 5):
 PSYoungGen      total 5632K, used 5632K [0x00000000d5580000, 0x00000000d5d80000, 0x0000000100000000)
  eden space 5120K, 100% used [0x00000000d5580000,0x00000000d5a80000,0x00000000d5a80000)
  from space 512K, 100% used [0x00000000d5c00000,0x00000000d5c80000,0x00000000d5c80000)
  to   space 1536K, 0% used [0x00000000d5a80000,0x00000000d5a80000,0x00000000d5c00000)
 ParOldGen       total 1368064K, used 1367998K [0x0000000080000000, 0x00000000d3800000, 0x00000000d5580000)
  object space 1368064K, 99% used [0x0000000080000000,0x00000000d37efb18,0x00000000d3800000)
 Metaspace       used 92964K, committed 94656K, reserved 1179648K
  class space    used 9063K, committed 9856K, reserved 1048576K
}
Event: 3159,532 GC heap after
{Heap after GC invocations=4534 (full 5):
 PSYoungGen      total 6656K, used 1072K [0x00000000d5580000, 0x00000000d5d80000, 0x0000000100000000)
  eden space 5120K, 0% used [0x00000000d5580000,0x00000000d5580000,0x00000000d5a80000)
  from space 1536K, 69% used [0x00000000d5a80000,0x00000000d5b8c010,0x00000000d5c00000)
  to   space 1536K, 0% used [0x00000000d5c00000,0x00000000d5c00000,0x00000000d5d80000)
 ParOldGen       total 1368576K, used 1368380K [0x0000000080000000, 0x00000000d3880000, 0x00000000d5580000)
  object space 1368576K, 99% used [0x0000000080000000,0x00000000d384f360,0x00000000d3880000)
 Metaspace       used 92964K, committed 94656K, reserved 1179648K
  class space    used 9063K, committed 9856K, reserved 1048576K
}
Event: 3159,705 GC heap before
{Heap before GC invocations=4535 (full 5):
 PSYoungGen      total 6656K, used 4540K [0x00000000d5580000, 0x00000000d5d80000, 0x0000000100000000)
  eden space 5120K, 67% used [0x00000000d5580000,0x00000000d58e3170,0x00000000d5a80000)
  from space 1536K, 69% used [0x00000000d5a80000,0x00000000d5b8c010,0x00000000d5c00000)
  to   space 1536K, 0% used [0x00000000d5c00000,0x00000000d5c00000,0x00000000d5d80000)
 ParOldGen       total 1368576K, used 1368380K [0x0000000080000000, 0x00000000d3880000, 0x00000000d5580000)
  object space 1368576K, 99% used [0x0000000080000000,0x00000000d384f360,0x00000000d3880000)
 Metaspace       used 92964K, committed 94656K, reserved 1179648K
  class space    used 9063K, committed 9856K, reserved 1048576K
}
Event: 3159,716 GC heap after
{Heap after GC invocations=4535 (full 5):
 PSYoungGen      total 5632K, used 480K [0x00000000d5580000, 0x00000000d5c80000, 0x0000000100000000)
  eden space 5120K, 0% used [0x00000000d5580000,0x00000000d5580000,0x00000000d5a80000)
  from space 512K, 93% used [0x00000000d5c00000,0x00000000d5c78000,0x00000000d5c80000)
  to   space 1024K, 0% used [0x00000000d5a80000,0x00000000d5a80000,0x00000000d5b80000)
 ParOldGen       total 1368576K, used 1368404K [0x0000000080000000, 0x00000000d3880000, 0x00000000d5580000)
  object space 1368576K, 99% used [0x0000000080000000,0x00000000d3855360,0x00000000d3880000)
 Metaspace       used 92964K, committed 94656K, reserved 1179648K
  class space    used 9063K, committed 9856K, reserved 1048576K
}
Event: 3159,716 GC heap before
{Heap before GC invocations=4536 (full 6):
 PSYoungGen      total 5632K, used 480K [0x00000000d5580000, 0x00000000d5c80000, 0x0000000100000000)
  eden space 5120K, 0% used [0x00000000d5580000,0x00000000d5580000,0x00000000d5a80000)
  from space 512K, 93% used [0x00000000d5c00000,0x00000000d5c78000,0x00000000d5c80000)
  to   space 1024K, 0% used [0x00000000d5a80000,0x00000000d5a80000,0x00000000d5b80000)
 ParOldGen       total 1368576K, used 1368404K [0x0000000080000000, 0x00000000d3880000, 0x00000000d5580000)
  object space 1368576K, 99% used [0x0000000080000000,0x00000000d3855360,0x00000000d3880000)
 Metaspace       used 92964K, committed 94656K, reserved 1179648K
  class space    used 9063K, committed 9856K, reserved 1048576K
}

